2025-10-23 20:44:50,453 [   4831]   WARN - #c.i.s.c.i.StationSocketConnectionLoop - Discovery connection failed with NoSuchFileException (/run/user/1000/jb.station.sock)
2025-10-23 20:44:50,885 [   5263]   WARN - #c.i.s.c.i.StationSocketConnectionLoop - RecentProjects connection failed with NoSuchFileException (/run/user/1000/jb.station.sock)
2025-10-23 20:45:07,766 [  22144] SEVERE - #c.i.o.a.i.ApplicationImpl - CefApp was terminated
java.lang.IllegalStateException: CefApp was terminated
	at jcef/org.cef.CefApp.getInstance(CefApp.java:277)
	at jcef/org.cef.CefApp.getInstance(CefApp.java:257)
	at com.intellij.ui.jcef.JBCefApp$MyCefAppHandler.lambda$onBeforeChildProcessLaunch$1(JBCefApp.java:638)
	at com.intellij.openapi.application.impl.ApplicationImpl$4.run(ApplicationImpl.java:326)
	at java.base/java.util.concurrent.Executors$RunnableAdapter.call(Executors.java:572)
	at com.intellij.util.concurrency.ContextCallable.lambda$call$1(ContextCallable.java:86)
	at com.intellij.util.concurrency.ContextCallable.call(ContextCallable.java:95)
	at java.base/java.util.concurrent.FutureTask.run(FutureTask.java:317)
	at com.intellij.util.concurrency.ChildContext$runInChildContext$1.invoke(propagation.kt:167)
	at com.intellij.util.concurrency.ChildContext$runInChildContext$1.invoke(propagation.kt:167)
	at com.intellij.util.concurrency.ChildContext.runInChildContext(propagation.kt:173)
	at com.intellij.util.concurrency.ChildContext.runInChildContext(propagation.kt:167)
	at com.intellij.util.concurrency.ContextRunnable.run(ContextRunnable.java:27)
	at java.base/java.util.concurrent.ThreadPoolExecutor.runWorker(ThreadPoolExecutor.java:1144)
	at java.base/java.util.concurrent.ThreadPoolExecutor$Worker.run(ThreadPoolExecutor.java:642)
	at java.base/java.util.concurrent.Executors$PrivilegedThreadFactory$1$1.run(Executors.java:735)
	at java.base/java.util.concurrent.Executors$PrivilegedThreadFactory$1$1.run(Executors.java:732)
	at java.base/java.security.AccessController.doPrivileged(AccessController.java:400)
	at java.base/java.util.concurrent.Executors$PrivilegedThreadFactory$1.run(Executors.java:732)
	at java.base/java.lang.Thread.run(Thread.java:1583)
2025-10-23 20:45:07,768 [  22146] SEVERE - #c.i.o.a.i.ApplicationImpl - PyCharm 2025.2.0.1  Build #PY-252.23892.515
2025-10-23 20:45:07,768 [  22146] SEVERE - #c.i.o.a.i.ApplicationImpl - JDK: 21.0.7; VM: OpenJDK 64-Bit Server VM; Vendor: JetBrains s.r.o.
2025-10-23 20:45:07,768 [  22146] SEVERE - #c.i.o.a.i.ApplicationImpl - OS: Linux
2025-10-23 20:45:07,768 [  22146]   WARN - #c.i.o.a.i.ApplicationImpl - Suppressed a frequent exception logged for the 2nd time: CefApp was terminated
2025-10-23 20:45:07,768 [  22146]   WARN - #c.i.o.a.i.ApplicationImpl - Suppressed a frequent exception logged for the 5th time: CefApp was terminated
2025-10-23 20:45:07,768 [  22146]   WARN - #c.i.o.a.i.ApplicationImpl - Suppressed a frequent exception logged for the 10th time: CefApp was terminated
2025-10-23 20:45:07,774 [  22152]   WARN - #c.i.o.a.i.ApplicationImpl - Suppressed a frequent exception logged for the 20th time: CefApp was terminated
2025-10-23 20:45:07,789 [  22167]   WARN - #c.i.o.a.i.ApplicationImpl - Suppressed a frequent exception logged for the 50th time: CefApp was terminated
2025-10-23 20:45:07,812 [  22190]   WARN - #c.i.o.a.i.ApplicationImpl - Suppressed a frequent exception logged for the 100th time: CefApp was terminated
2025-10-23 20:45:07,855 [  22233]   WARN - #c.i.o.a.i.ApplicationImpl - Suppressed a frequent exception logged for the 200th time: CefApp was terminated
2025-10-23 20:45:07,988 [  22366]   WARN - #c.i.o.a.i.ApplicationImpl - Suppressed a frequent exception logged for the 500th time: CefApp was terminated
2025-10-23 20:45:08,201 [  22579]   WARN - #c.i.o.a.i.ApplicationImpl - Suppressed a frequent exception logged for the 1000th time: CefApp was terminated
2025-10-23 20:45:08,636 [  23014]   WARN - #c.i.o.a.i.ApplicationImpl - Suppressed a frequent exception logged for the 2000th time: CefApp was terminated
2025-10-23 20:45:10,001 [  24379]   WARN - #c.i.o.a.i.ApplicationImpl - Suppressed a frequent exception logged for the 5000th time: CefApp was terminated
2025-10-23 20:45:12,267 [  26645]   WARN - #c.i.o.a.i.ApplicationImpl - Suppressed a frequent exception logged for the 10000th time: CefApp was terminated
2025-10-23 20:45:16,805 [  31183]   WARN - #c.i.o.a.i.ApplicationImpl - Suppressed a frequent exception logged for the 20000th time: CefApp was terminated
2025-10-23 20:45:30,287 [  44665]   WARN - #c.i.o.a.i.ApplicationImpl - Suppressed a frequent exception logged for the 50000th time: CefApp was terminated
2025-10-23 20:45:52,097 [  66475]   WARN - #c.i.o.a.i.ApplicationImpl - Suppressed a frequent exception logged for the 100000th time: CefApp was terminated
2025-10-23 20:46:15,128 [  89506]   WARN - #c.i.o.v.i.LineStatusTrackerManager - Tracker is being held on dispose by EditorImpl[LightVirtualFile: /a.py]; file: /a.py
2025-10-23 20:46:15,128 [  89506]   WARN - #c.i.o.v.i.LineStatusTrackerManager - Tracker is being held on dispose by EditorImpl[LightVirtualFile: /Python Console.py]; file: /Python Console.py
Exception in thread "Thread-162074" java.lang.NullPointerException: Cannot invoke "com.intellij.openapi.application.Application.executeOnPooledThread(java.lang.Runnable)" because the return value of "com.intellij.openapi.application.ApplicationManager.getApplication()" is null
	at com.intellij.ui.jcef.JBCefApp$MyCefAppHandler.onBeforeChildProcessLaunch(JBCefApp.java:638)
Exception in thread "Thread-162075" java.lang.NullPointerException: Cannot invoke "com.intellij.openapi.application.Application.executeOnPooledThread(java.lang.Runnable)" because the return value of "com.intellij.openapi.application.ApplicationManager.getApplication()" is null
	at com.intellij.ui.jcef.JBCefApp$MyCefAppHandler.onBeforeChildProcessLaunch(JBCefApp.java:638)
Exception in thread "Thread-162076" java.lang.NullPointerException: Cannot invoke "com.intellij.openapi.application.Application.executeOnPooledThread(java.lang.Runnable)" because the return value of "com.intellij.openapi.application.ApplicationManager.getApplication()" is null
	at com.intellij.ui.jcef.JBCefApp$MyCefAppHandler.onBeforeChildProcessLaunch(JBCefApp.java:638)
Exception in thread "Thread-162077" java.lang.NullPointerException: Cannot invoke "com.intellij.openapi.application.Application.executeOnPooledThread(java.lang.Runnable)" because the return value of "com.intellij.openapi.application.ApplicationManager.getApplication()" is null
	at com.intellij.ui.jcef.JBCefApp$MyCefAppHandler.onBeforeChildProcessLaunch(JBCefApp.java:638)
Exception in thread "Thread-162078" java.lang.NullPointerException: Cannot invoke "com.intellij.openapi.application.Application.executeOnPooledThread(java.lang.Runnable)" because the return value of "com.intellij.openapi.application.ApplicationManager.getApplication()" is null
	at com.intellij.ui.jcef.JBCefApp$MyCefAppHandler.onBeforeChildProcessLaunch(JBCefApp.java:638)
Exception in thread "Thread-162079" java.lang.NullPointerException: Cannot invoke "com.intellij.openapi.application.Application.executeOnPooledThread(java.lang.Runnable)" because the return value of "com.intellij.openapi.application.ApplicationManager.getApplication()" is null
	at com.intellij.ui.jcef.JBCefApp$MyCefAppHandler.onBeforeChildProcessLaunch(JBCefApp.java:638)
Exception in thread "Thread-162080" java.lang.NullPointerException: Cannot invoke "com.intellij.openapi.application.Application.executeOnPooledThread(java.lang.Runnable)" because the return value of "com.intellij.openapi.application.ApplicationManager.getApplication()" is null
	at com.intellij.ui.jcef.JBCefApp$MyCefAppHandler.onBeforeChildProcessLaunch(JBCefApp.java:638)
Exception in thread "Thread-162081" java.lang.NullPointerException: Cannot invoke "com.intellij.openapi.application.Application.executeOnPooledThread(java.lang.Runnable)" because the return value of "com.intellij.openapi.application.ApplicationManager.getApplication()" is null
	at com.intellij.ui.jcef.JBCefApp$MyCefAppHandler.onBeforeChildProcessLaunch(JBCefApp.java:638)
Exception in thread "Thread-162082" java.lang.NullPointerException: Cannot invoke "com.intellij.openapi.application.Application.executeOnPooledThread(java.lang.Runnable)" because the return value of "com.intellij.openapi.application.ApplicationManager.getApplication()" is null
	at com.intellij.ui.jcef.JBCefApp$MyCefAppHandler.onBeforeChildProcessLaunch(JBCefApp.java:638)
Exception in thread "Thread-162083" java.lang.NullPointerException: Cannot invoke "com.intellij.openapi.application.Application.executeOnPooledThread(java.lang.Runnable)" because the return value of "com.intellij.openapi.application.ApplicationManager.getApplication()" is null
	at com.intellij.ui.jcef.JBCefApp$MyCefAppHandler.onBeforeChildProcessLaunch(JBCefApp.java:638)
Exception in thread "Thread-162084" java.lang.NullPointerException: Cannot invoke "com.intellij.openapi.application.Application.executeOnPooledThread(java.lang.Runnable)" because the return value of "com.intellij.openapi.application.ApplicationManager.getApplication()" is null
	at com.intellij.ui.jcef.JBCefApp$MyCefAppHandler.onBeforeChildProcessLaunch(JBCefApp.java:638)
Exception in thread "Thread-162085" java.lang.NullPointerException: Cannot invoke "com.intellij.openapi.application.Application.executeOnPooledThread(java.lang.Runnable)" because the return value of "com.intellij.openapi.application.ApplicationManager.getApplication()" is null
	at com.intellij.ui.jcef.JBCefApp$MyCefAppHandler.onBeforeChildProcessLaunch(JBCefApp.java:638)
Exception in thread "Thread-162086" java.lang.NullPointerException: Cannot invoke "com.intellij.openapi.application.Application.executeOnPooledThread(java.lang.Runnable)" because the return value of "com.intellij.openapi.application.ApplicationManager.getApplication()" is null
	at com.intellij.ui.jcef.JBCefApp$MyCefAppHandler.onBeforeChildProcessLaunch(JBCefApp.java:638)
Exception in thread "Thread-162087" java.lang.NullPointerException: Cannot invoke "com.intellij.openapi.application.Application.executeOnPooledThread(java.lang.Runnable)" because the return value of "com.intellij.openapi.application.ApplicationManager.getApplication()" is null
	at com.intellij.ui.jcef.JBCefApp$MyCefAppHandler.onBeforeChildProcessLaunch(JBCefApp.java:638)
Exception in thread "Thread-162088" java.lang.NullPointerException: Cannot invoke "com.intellij.openapi.application.Application.executeOnPooledThread(java.lang.Runnable)" because the return value of "com.intellij.openapi.application.ApplicationManager.getApplication()" is null
	at com.intellij.ui.jcef.JBCefApp$MyCefAppHandler.onBeforeChildProcessLaunch(JBCefApp.java:638)
Exception in thread "Thread-162089" java.lang.NullPointerException: Cannot invoke "com.intellij.openapi.application.Application.executeOnPooledThread(java.lang.Runnable)" because the return value of "com.intellij.openapi.application.ApplicationManager.getApplication()" is null
	at com.intellij.ui.jcef.JBCefApp$MyCefAppHandler.onBeforeChildProcessLaunch(JBCefApp.java:638)
Exception in thread "Thread-162090" java.lang.NullPointerException: Cannot invoke "com.intellij.openapi.application.Application.executeOnPooledThread(java.lang.Runnable)" because the return value of "com.intellij.openapi.application.ApplicationManager.getApplication()" is null
	at com.intellij.ui.jcef.JBCefApp$MyCefAppHandler.onBeforeChildProcessLaunch(JBCefApp.java:638)
Exception in thread "Thread-162091" java.lang.NullPointerException: Cannot invoke "com.intellij.openapi.application.Application.executeOnPooledThread(java.lang.Runnable)" because the return value of "com.intellij.openapi.application.ApplicationManager.getApplication()" is null
	at com.intellij.ui.jcef.JBCefApp$MyCefAppHandler.onBeforeChildProcessLaunch(JBCefApp.java:638)
Exception in thread "Thread-162092" java.lang.NullPointerException: Cannot invoke "com.intellij.openapi.application.Application.executeOnPooledThread(java.lang.Runnable)" because the return value of "com.intellij.openapi.application.ApplicationManager.getApplication()" is null
	at com.intellij.ui.jcef.JBCefApp$MyCefAppHandler.onBeforeChildProcessLaunch(JBCefApp.java:638)
Exception in thread "Thread-162093" java.lang.NullPointerException: Cannot invoke "com.intellij.openapi.application.Application.executeOnPooledThread(java.lang.Runnable)" because the return value of "com.intellij.openapi.application.ApplicationManager.getApplication()" is null
	at com.intellij.ui.jcef.JBCefApp$MyCefAppHandler.onBeforeChildProcessLaunch(JBCefApp.java:638)
Exception in thread "Thread-162094" java.lang.NullPointerException: Cannot invoke "com.intellij.openapi.application.Application.executeOnPooledThread(java.lang.Runnable)" because the return value of "com.intellij.openapi.application.ApplicationManager.getApplication()" is null
	at com.intellij.ui.jcef.JBCefApp$MyCefAppHandler.onBeforeChildProcessLaunch(JBCefApp.java:638)
Exception in thread "Thread-162095" java.lang.NullPointerException: Cannot invoke "com.intellij.openapi.application.Application.executeOnPooledThread(java.lang.Runnable)" because the return value of "com.intellij.openapi.application.ApplicationManager.getApplication()" is null
	at com.intellij.ui.jcef.JBCefApp$MyCefAppHandler.onBeforeChildProcessLaunch(JBCefApp.java:638)
Exception in thread "Thread-162096" java.lang.NullPointerException: Cannot invoke "com.intellij.openapi.application.Application.executeOnPooledThread(java.lang.Runnable)" because the return value of "com.intellij.openapi.application.ApplicationManager.getApplication()" is null
	at com.intellij.ui.jcef.JBCefApp$MyCefAppHandler.onBeforeChildProcessLaunch(JBCefApp.java:638)
Exception in thread "Thread-162097" java.lang.NullPointerException: Cannot invoke "com.intellij.openapi.application.Application.executeOnPooledThread(java.lang.Runnable)" because the return value of "com.intellij.openapi.application.ApplicationManager.getApplication()" is null
	at com.intellij.ui.jcef.JBCefApp$MyCefAppHandler.onBeforeChildProcessLaunch(JBCefApp.java:638)
Exception in thread "Thread-162098" java.lang.NullPointerException: Cannot invoke "com.intellij.openapi.application.Application.executeOnPooledThread(java.lang.Runnable)" because the return value of "com.intellij.openapi.application.ApplicationManager.getApplication()" is null
	at com.intellij.ui.jcef.JBCefApp$MyCefAppHandler.onBeforeChildProcessLaunch(JBCefApp.java:638)
Exception in thread "Thread-162099" java.lang.NullPointerException: Cannot invoke "com.intellij.openapi.application.Application.executeOnPooledThread(java.lang.Runnable)" because the return value of "com.intellij.openapi.application.ApplicationManager.getApplication()" is null
	at com.intellij.ui.jcef.JBCefApp$MyCefAppHandler.onBeforeChildProcessLaunch(JBCefApp.java:638)
Exception in thread "Thread-162100" java.lang.NullPointerException: Cannot invoke "com.intellij.openapi.application.Application.executeOnPooledThread(java.lang.Runnable)" because the return value of "com.intellij.openapi.application.ApplicationManager.getApplication()" is null
	at com.intellij.ui.jcef.JBCefApp$MyCefAppHandler.onBeforeChildProcessLaunch(JBCefApp.java:638)
Exception in thread "Thread-162101" java.lang.NullPointerException: Cannot invoke "com.intellij.openapi.application.Application.executeOnPooledThread(java.lang.Runnable)" because the return value of "com.intellij.openapi.application.ApplicationManager.getApplication()" is null
	at com.intellij.ui.jcef.JBCefApp$MyCefAppHandler.onBeforeChildProcessLaunch(JBCefApp.java:638)
Exception in thread "Thread-162102" java.lang.NullPointerException: Cannot invoke "com.intellij.openapi.application.Application.executeOnPooledThread(java.lang.Runnable)" because the return value of "com.intellij.openapi.application.ApplicationManager.getApplication()" is null
	at com.intellij.ui.jcef.JBCefApp$MyCefAppHandler.onBeforeChildProcessLaunch(JBCefApp.java:638)
Exception in thread "Thread-162103" java.lang.NullPointerException: Cannot invoke "com.intellij.openapi.application.Application.executeOnPooledThread(java.lang.Runnable)" because the return value of "com.intellij.openapi.application.ApplicationManager.getApplication()" is null
	at com.intellij.ui.jcef.JBCefApp$MyCefAppHandler.onBeforeChildProcessLaunch(JBCefApp.java:638)
Exception in thread "Thread-162104" java.lang.NullPointerException: Cannot invoke "com.intellij.openapi.application.Application.executeOnPooledThread(java.lang.Runnable)" because the return value of "com.intellij.openapi.application.ApplicationManager.getApplication()" is null
	at com.intellij.ui.jcef.JBCefApp$MyCefAppHandler.onBeforeChildProcessLaunch(JBCefApp.java:638)
Exception in thread "Thread-162105" java.lang.NullPointerException: Cannot invoke "com.intellij.openapi.application.Application.executeOnPooledThread(java.lang.Runnable)" because the return value of "com.intellij.openapi.application.ApplicationManager.getApplication()" is null
	at com.intellij.ui.jcef.JBCefApp$MyCefAppHandler.onBeforeChildProcessLaunch(JBCefApp.java:638)
Exception in thread "Thread-162106" java.lang.NullPointerException: Cannot invoke "com.intellij.openapi.application.Application.executeOnPooledThread(java.lang.Runnable)" because the return value of "com.intellij.openapi.application.ApplicationManager.getApplication()" is null
	at com.intellij.ui.jcef.JBCefApp$MyCefAppHandler.onBeforeChildProcessLaunch(JBCefApp.java:638)
Exception in thread "Thread-162107" java.lang.NullPointerException: Cannot invoke "com.intellij.openapi.application.Application.executeOnPooledThread(java.lang.Runnable)" because the return value of "com.intellij.openapi.application.ApplicationManager.getApplication()" is null
	at com.intellij.ui.jcef.JBCefApp$MyCefAppHandler.onBeforeChildProcessLaunch(JBCefApp.java:638)
Exception in thread "Thread-162108" java.lang.NullPointerException: Cannot invoke "com.intellij.openapi.application.Application.executeOnPooledThread(java.lang.Runnable)" because the return value of "com.intellij.openapi.application.ApplicationManager.getApplication()" is null
	at com.intellij.ui.jcef.JBCefApp$MyCefAppHandler.onBeforeChildProcessLaunch(JBCefApp.java:638)
Exception in thread "Thread-162109" java.lang.NullPointerException: Cannot invoke "com.intellij.openapi.application.Application.executeOnPooledThread(java.lang.Runnable)" because the return value of "com.intellij.openapi.application.ApplicationManager.getApplication()" is null
	at com.intellij.ui.jcef.JBCefApp$MyCefAppHandler.onBeforeChildProcessLaunch(JBCefApp.java:638)
Exception in thread "Thread-162110" java.lang.NullPointerException: Cannot invoke "com.intellij.openapi.application.Application.executeOnPooledThread(java.lang.Runnable)" because the return value of "com.intellij.openapi.application.ApplicationManager.getApplication()" is null
Exception in thread "Thread-162111" java.lang.NullPointerException: Cannot invoke "com.intellij.openapi.application.Application.executeOnPooledThread(java.lang.Runnable)" because the return value of "com.intellij.openapi.application.ApplicationManager.getApplication()" is null
Exception in thread "Thread-162112" java.lang.NullPointerException: Cannot invoke "com.intellij.openapi.application.Application.executeOnPooledThread(java.lang.Runnable)" because the return value of "com.intellij.openapi.application.ApplicationManager.getApplication()" is null
Exception in thread "Thread-162113" java.lang.NullPointerException: Cannot invoke "com.intellij.openapi.application.Application.executeOnPooledThread(java.lang.Runnable)" because the return value of "com.intellij.openapi.application.ApplicationManager.getApplication()" is null
Exception in thread "Thread-162114" java.lang.NullPointerException: Cannot invoke "com.intellij.openapi.application.Application.executeOnPooledThread(java.lang.Runnable)" because the return value of "com.intellij.openapi.application.ApplicationManager.getApplication()" is null
